[15:26:28]: =====START TEST=====
[15:26:28]: AddTextTest is RUNNING...
[15:26:28]: AddTextTest is FAILED...
[15:26:28]: Driver Stop
[15:26:28]: =====FINISH TEST=====
[15:26:39]: AddImageTest is RUNNING...
[15:26:49]: AddImageTest is FAILED...
[15:26:52]: Driver Stop
[15:26:52]: =====FINISH TEST=====
[15:26:52]: After Test
